<?xml version="1.0" encoding="UTF-8"?>
<!-- Generated by org.testng.reporters.JUnitReportReporter -->
<testsuite hostname="DESKTOP-R6MOV7Q" failures="0" tests="1" name="runners.TestRunner" time="7.536" errors="0" timestamp="2025-05-29T22:24:59 IST" skipped="0">
  <testcase classname="runners.TestRunner" name="runScenario" time="7.536"/>
</testsuite> <!-- runners.TestRunner -->
